<?xml version="1.0" encoding="UTF-8"?>
<testng-results ignored="0" total="1" passed="1" failed="0" skipped="0">
  <reporter-output>
  </reporter-output>
  <suite started-at="2022-02-23T12:43:12 IST" name="Default suite" finished-at="2022-02-23T12:43:12 IST" duration-ms="41">
    <groups>
    </groups>
    <test started-at="2022-02-23T12:43:12 IST" name="Default test" finished-at="2022-02-23T12:43:12 IST" duration-ms="41">
      <class name="test.Day1">
        <test-method signature="Demo()[pri:0, instance:test.Day1@f381794]" started-at="2022-02-23T12:43:12 IST" name="Demo" finished-at="2022-02-23T12:43:12 IST" duration-ms="7" status="PASS">
          <reporter-output>
          </reporter-output>
        </test-method> <!-- Demo -->
      </class> <!-- test.Day1 -->
    </test> <!-- Default test -->
  </suite> <!-- Default suite -->
</testng-results>
